<?xml version="1.0" encoding="UTF-8"?>
<!-- Generated by org.testng.reporters.JUnitXMLReporter -->
<testsuite hostname="DESKTOP-ST4RK9D" ignored="0" name="Test" tests="12" failures="0" timestamp="18 Dec 2022 13:39:11 GMT" time="43.721" errors="0">
  <testcase name="@BeforeMethod initializeBrowser" time="4.809" classname="com.obsqura.TestNGAssignment.BaseLocator">
    <failure type="org.openqa.selenium.NoSuchWindowException" message="no such window: target window already closed
from unknown error: web view not found
  (Session info: chrome=108.0.5359.125)
Build info: version: &amp;apos;4.4.0&amp;apos;, revision: &amp;apos;e5c75ed026a&amp;apos;
System info: host: &amp;apos;DESKTOP-ST4RK9D&amp;apos;, ip: &amp;apos;192.168.2.124&amp;apos;, os.name: &amp;apos;Windows 10&amp;apos;, os.arch: &amp;apos;amd64&amp;apos;, os.version: &amp;apos;10.0&amp;apos;, java.version: &amp;apos;1.8.0_351&amp;apos;
Driver info: org.openqa.selenium.chrome.ChromeDriver
Command: [4be1c034ee970544c7ffaaee6c6cc04b, maximizeCurrentWindow {}]
Capabilities {acceptInsecureCerts: false, browserName: chrome, browserVersion: 108.0.5359.125, chrome: {chromedriverVersion: 108.0.5359.71 (1e0e3868ee06..., userDataDir: C:\Users\HP\AppData\Local\T...}, goog:chromeOptions: {debuggerAddress: localhost:58694}, networkConnectionEnabled: false, pageLoadStrategy: normal, platformName: WINDOWS, proxy: Proxy(), se:cdp: ws://localhost:58694/devtoo..., se:cdpVersion: 108.0.5359.125, setWindowRect: true, strictFileInteractability: false, timeouts: {implicit: 0, pageLoad: 300000, script: 30000}, unhandledPromptBehavior: dismiss and notify, webauthn:extension:credBlob: true, webauthn:extension:largeBlob: true, webauthn:virtualAuthenticators: true}
Session ID: 4be1c034ee970544c7ffaaee6c6cc04b">
      <![CDATA[org.openqa.selenium.NoSuchWindowException: no such window: target window already closed
from unknown error: web view not found
  (Session info: chrome=108.0.5359.125)
Build info: version: '4.4.0', revision: 'e5c75ed026a'
System info: host: 'DESKTOP-ST4RK9D', ip: '192.168.2.124', os.name: 'Windows 10', os.arch: 'amd64', os.version: '10.0', java.version: '1.8.0_351'
Driver info: org.openqa.selenium.chrome.ChromeDriver
Command: [4be1c034ee970544c7ffaaee6c6cc04b, maximizeCurrentWindow {}]
Capabilities {acceptInsecureCerts: false, browserName: chrome, browserVersion: 108.0.5359.125, chrome: {chromedriverVersion: 108.0.5359.71 (1e0e3868ee06..., userDataDir: C:\Users\HP\AppData\Local\T...}, goog:chromeOptions: {debuggerAddress: localhost:58694}, networkConnectionEnabled: false, pageLoadStrategy: normal, platformName: WINDOWS, proxy: Proxy(), se:cdp: ws://localhost:58694/devtoo..., se:cdpVersion: 108.0.5359.125, setWindowRect: true, strictFileInteractability: false, timeouts: {implicit: 0, pageLoad: 300000, script: 30000}, unhandledPromptBehavior: dismiss and notify, webauthn:extension:credBlob: true, webauthn:extension:largeBlob: true, webauthn:virtualAuthenticators: true}
Session ID: 4be1c034ee970544c7ffaaee6c6cc04b
	at org.openqa.selenium.remote.codec.w3c.W3CHttpResponseCodec.createException(W3CHttpResponseCodec.java:200)
	at org.openqa.selenium.remote.codec.w3c.W3CHttpResponseCodec.decode(W3CHttpResponseCodec.java:133)
	at org.openqa.selenium.remote.codec.w3c.W3CHttpResponseCodec.decode(W3CHttpResponseCodec.java:53)
	at org.openqa.selenium.remote.HttpCommandExecutor.execute(HttpCommandExecutor.java:184)
	at org.openqa.selenium.remote.service.DriverCommandExecutor.invokeExecute(DriverCommandExecutor.java:167)
	at org.openqa.selenium.remote.service.DriverCommandExecutor.execute(DriverCommandExecutor.java:142)
	at org.openqa.selenium.remote.RemoteWebDriver.execute(RemoteWebDriver.java:547)
	at org.openqa.selenium.remote.RemoteWebDriver.execute(RemoteWebDriver.java:602)
	at org.openqa.selenium.remote.RemoteWebDriver.execute(RemoteWebDriver.java:606)
	at org.openqa.selenium.remote.RemoteWebDriver$RemoteWebDriverOptions$RemoteWindow.maximize(RemoteWebDriver.java:1002)
	at com.obsqura.TestNGAssignment.BaseLocator.initializeBrowser(BaseLocator.java:15)
... Removed 31 stack frames]]>
    </failure>
  </testcase> <!-- @BeforeMethod initializeBrowser -->
  <testcase name="@BeforeMethod initializeBrowser" time="0.0" classname="com.obsqura.TestNGAssignment.BaseLocator">
    <skipped/>
  </testcase> <!-- @BeforeMethod initializeBrowser -->
  <testcase name="@BeforeMethod initializeBrowser" time="0.0" classname="com.obsqura.TestNGAssignment.BaseLocator">
    <skipped/>
  </testcase> <!-- @BeforeMethod initializeBrowser -->
  <testcase name="@BeforeMethod initializeBrowser" time="0.0" classname="com.obsqura.TestNGAssignment.BaseLocator">
    <skipped/>
  </testcase> <!-- @BeforeMethod initializeBrowser -->
  <testcase name="@BeforeMethod initializeBrowser" time="0.0" classname="com.obsqura.TestNGAssignment.BaseLocator">
    <skipped/>
  </testcase> <!-- @BeforeMethod initializeBrowser -->
  <testcase name="@BeforeMethod initializeBrowser" time="0.0" classname="com.obsqura.TestNGAssignment.BaseLocator">
    <skipped/>
  </testcase> <!-- @BeforeMethod initializeBrowser -->
  <testcase name="@BeforeMethod initializeBrowser" time="0.0" classname="com.obsqura.TestNGAssignment.BaseLocator">
    <skipped/>
  </testcase> <!-- @BeforeMethod initializeBrowser -->
  <testcase name="@BeforeMethod initializeBrowser" time="0.0" classname="com.obsqura.TestNGAssignment.BaseLocator">
    <skipped/>
  </testcase> <!-- @BeforeMethod initializeBrowser -->
  <testcase name="@BeforeMethod initializeBrowser" time="0.0" classname="com.obsqura.TestNGAssignment.BaseLocator">
    <skipped/>
  </testcase> <!-- @BeforeMethod initializeBrowser -->
  <testcase name="ancestor" time="0.996" classname="com.obsqura.TestNGAssignment.LocatorUsingContainsTextofAndOr"/>
  <testcase name="and" time="0.475" classname="com.obsqura.TestNGAssignment.LocatorUsingContainsTextofAndOr"/>
  <testcase name="child" time="1.046" classname="com.obsqura.TestNGAssignment.LocatorUsingContainsTextofAndOr"/>
  <testcase name="containss" time="0.001" classname="com.obsqura.TestNGAssignment.LocatorUsingContainsTextofAndOr">
    <skipped/>
  </testcase> <!-- containss -->
  <testcase name="following" time="0.0" classname="com.obsqura.TestNGAssignment.LocatorUsingContainsTextofAndOr">
    <skipped/>
  </testcase> <!-- following -->
  <testcase name="or" time="0.0" classname="com.obsqura.TestNGAssignment.LocatorUsingContainsTextofAndOr">
    <skipped/>
  </testcase> <!-- or -->
  <testcase name="parentAxesMethod" time="0.0" classname="com.obsqura.TestNGAssignment.LocatorUsingContainsTextofAndOr">
    <skipped/>
  </testcase> <!-- parentAxesMethod -->
  <testcase name="preceding" time="0.0" classname="com.obsqura.TestNGAssignment.LocatorUsingContainsTextofAndOr">
    <skipped/>
  </testcase> <!-- preceding -->
  <testcase name="self" time="0.0" classname="com.obsqura.TestNGAssignment.LocatorUsingContainsTextofAndOr">
    <skipped/>
  </testcase> <!-- self -->
  <testcase name="singelInputfield" time="0.0" classname="com.obsqura.TestNGAssignment.LocatorUsingContainsTextofAndOr">
    <skipped/>
  </testcase> <!-- singelInputfield -->
  <testcase name="startsWith" time="0.0" classname="com.obsqura.TestNGAssignment.LocatorUsingContainsTextofAndOr">
    <skipped/>
  </testcase> <!-- startsWith -->
  <testcase name="textOf" time="0.001" classname="com.obsqura.TestNGAssignment.LocatorUsingContainsTextofAndOr">
    <skipped/>
  </testcase> <!-- textOf -->
</testsuite> <!-- Test -->
